<?xml version="1.0" encoding="UTF-8"?>
<!-- Generated by org.testng.reporters.JUnitReportReporter -->
<testsuite skipped="0" hostname="56b5f9022925" name="com.newtours_docker.newToursTest" tests="10" failures="0" timestamp="2020-06-29T22:29:07 GMT" time="56.058" errors="0">
  <testcase name="registrationConfirmationPage" time="1.829" classname="com.newtours_docker.newToursTest"/>
  <system-out/>
  <testcase name="flightDetailsPage" time="2.718" classname="com.newtours_docker.newToursTest"/>
  <system-out/>
  <testcase name="registrationPageTest" time="12.668" classname="com.newtours_docker.newToursTest"/>
  <system-out/>
  <testcase name="flightDetailsPage" time="3.827" classname="com.newtours_docker.newToursTest"/>
  <system-out/>
  <testcase name="registrationPageTest" time="12.560" classname="com.newtours_docker.newToursTest"/>
  <system-out/>
  <testcase name="findFlightsPage" time="5.764" classname="com.newtours_docker.newToursTest"/>
  <system-out/>
  <testcase name="flightConfirmationPage" time="2.164" classname="com.newtours_docker.newToursTest"/>
  <system-out/>
  <testcase name="findFlightsPage" time="9.630" classname="com.newtours_docker.newToursTest"/>
  <system-out/>
  <testcase name="registrationConfirmationPage" time="2.744" classname="com.newtours_docker.newToursTest"/>
  <system-out/>
  <testcase name="flightConfirmationPage" time="2.154" classname="com.newtours_docker.newToursTest"/>
  <system-out/>
</testsuite> <!-- com.newtours_docker.newToursTest -->
