<?xml version="1.0" encoding="UTF-8"?>
<!-- Generated by org.testng.reporters.JUnitReportReporter -->
<testsuite skipped="0" hostname="Vigneshwars-MacBook-Air.local" name="com.search.videoLink.videoLinkTest" tests="4" failures="0" timestamp="2020-06-26T06:37:14 IST" time="23.834" errors="0">
  <testcase name="getVideosCount" time="6.568" classname="com.search.videoLink.videoLinkTest"/>
  <system-out/>
  <testcase name="getVideosCount" time="5.927" classname="com.search.videoLink.videoLinkTest"/>
  <system-out/>
  <testcase name="getVideosCount" time="5.792" classname="com.search.videoLink.videoLinkTest"/>
  <system-out/>
  <testcase name="getVideosCount" time="5.547" classname="com.search.videoLink.videoLinkTest"/>
  <system-out/>
</testsuite> <!-- com.search.videoLink.videoLinkTest -->
