<?xml version="1.0" encoding="UTF-8"?>
<!-- Generated by org.testng.reporters.JUnitReportReporter -->
<testsuite skipped="0" hostname="Vigneshwars-MacBook-Air.local" name="com.newtours_docker.newToursTest" tests="20" failures="0" timestamp="2020-06-27T08:38:03 IST" time="124.285" errors="0">
  <testcase name="registrationPageTest" time="13.526" classname="com.newtours_docker.newToursTest"/>
  <system-out/>
  <testcase name="flightConfirmationPage" time="2.585" classname="com.newtours_docker.newToursTest"/>
  <system-out/>
  <testcase name="flightConfirmationPage" time="2.108" classname="com.newtours_docker.newToursTest"/>
  <system-out/>
  <testcase name="findFlightsPage" time="6.536" classname="com.newtours_docker.newToursTest"/>
  <system-out/>
  <testcase name="flightConfirmationPage" time="2.366" classname="com.newtours_docker.newToursTest"/>
  <system-out/>
  <testcase name="registrationPageTest" time="16.528" classname="com.newtours_docker.newToursTest"/>
  <system-out/>
  <testcase name="findFlightsPage" time="4.876" classname="com.newtours_docker.newToursTest"/>
  <system-out/>
  <testcase name="registrationPageTest" time="19.475" classname="com.newtours_docker.newToursTest"/>
  <system-out/>
  <testcase name="registrationPageTest" time="19.662" classname="com.newtours_docker.newToursTest"/>
  <system-out/>
  <testcase name="flightDetailsPage" time="2.736" classname="com.newtours_docker.newToursTest"/>
  <system-out/>
  <testcase name="findFlightsPage" time="5.954" classname="com.newtours_docker.newToursTest"/>
  <system-out/>
  <testcase name="flightConfirmationPage" time="1.971" classname="com.newtours_docker.newToursTest"/>
  <system-out/>
  <testcase name="registrationConfirmationPage" time="1.968" classname="com.newtours_docker.newToursTest"/>
  <system-out/>
  <testcase name="registrationConfirmationPage" time="3.266" classname="com.newtours_docker.newToursTest"/>
  <system-out/>
  <testcase name="registrationConfirmationPage" time="2.988" classname="com.newtours_docker.newToursTest"/>
  <system-out/>
  <testcase name="flightDetailsPage" time="3.167" classname="com.newtours_docker.newToursTest"/>
  <system-out/>
  <testcase name="registrationConfirmationPage" time="2.083" classname="com.newtours_docker.newToursTest"/>
  <system-out/>
  <testcase name="flightDetailsPage" time="2.398" classname="com.newtours_docker.newToursTest"/>
  <system-out/>
  <testcase name="flightDetailsPage" time="2.855" classname="com.newtours_docker.newToursTest"/>
  <system-out/>
  <testcase name="findFlightsPage" time="7.237" classname="com.newtours_docker.newToursTest"/>
  <system-out/>
</testsuite> <!-- com.newtours_docker.newToursTest -->
